<?xml version="1.0" encoding="UTF-8"?>
<!-- Generated by org.testng.reporters.JUnitReportReporter -->
<testsuite hostname="FH400" failures="0" tests="1" name="ConfigurationDemo.TestSelenium" time="5.370" errors="0" timestamp="23 Aug 2019 06:24:17 GMT" skipped="0">
  <testcase classname="ConfigurationDemo.TestSelenium" name="testConfig" time="5.370"/>
</testsuite> <!-- ConfigurationDemo.TestSelenium -->
