<?xml version="1.0" encoding="UTF-8"?>
<!-- Generated by org.testng.reporters.JUnitReportReporter -->
<testsuite hostname="FH400" failures="0" tests="1" name="ConfigurationDemo.ReadChrodriverfromproertyfile" time="0.012" errors="0" timestamp="20 Aug 2019 04:53:35 GMT" skipped="0">
  <testcase classname="ConfigurationDemo.ReadChrodriverfromproertyfile" name="testConfig" time="0.012"/>
</testsuite> <!-- ConfigurationDemo.ReadChrodriverfromproertyfile -->
