<?xml version="1.0" encoding="UTF-8"?>
<!-- Generated by org.testng.reporters.JUnitReportReporter -->
<testsuite hostname="FH400" failures="0" tests="1" name="ConfigurationDemo.TestSeleniumFb" time="0.013" errors="0" timestamp="19 Aug 2019 13:11:13 GMT" skipped="0">
  <testcase classname="ConfigurationDemo.TestSeleniumFb" name="testConfig" time="0.013"/>
</testsuite> <!-- ConfigurationDemo.TestSeleniumFb -->
